Licznik DFT: 4096
Licznik FFT: 1024
0 0 8.4 0 7.14759
1 68.7069 11.4424 68.7069 7.52233
2 214.972 12.8725 214.972 7.8243
3 0 12.2031 0 7.99237
4 86.4 9.70788 86.4 7.66059
5 0 6.33056 0 6.44072
6 0 3.30095 0 4.27641
7 112 1.62543 112 1.63083
8 0 1.67573 0 -0.640761
9 0 3.05642 0 -1.69456
10 0 4.80668 0 -1.16363
11 0 5.84297 0 0.584713
12 0 5.44234 0 2.5676
13 0 3.55043 0 3.64357
14 0 0.7796 0 3.07609
15 0 -1.89545 0 0.903389
16 0 -3.6 0 -2.08698
17 0 -3.96435 0 -4.76697
18 0 -3.28434 0 -6.2395
19 0 -2.36361 0 -6.26528
20 0 -2.11124 0 -5.3212
21 0 -3.08193 0 -4.27363
22 0 -5.1737 0 -3.8612
23 0 -7.6279 0 -4.28039
24 0 -9.33847 0 -5.09863
25 0 -9.33613 0 -5.52797
26 0 -7.23123 0 -4.88833
27 0 -3.41538 0 -2.9906
28 0 1.0719 0 -0.228208
29 0 4.95574 0 2.6565
30 0 7.23718 0 4.97586
31 0 7.57915 0 6.42495
32 0 6.4 0 7.6524
33 0 4.6388 0 8.55886
34 0 3.30409 0 8.3523
35 0 3.01268 0 7.2234
36 0 3.72714 0 5.77443
37 0 4.80741 0 4.69725
38 0 5.34713 0 4.37168
39 0 4.63501 0 4.6296
40 0 2.52426 0 4.84076
41 0 -0.463685 0 4.2873
42 0 -3.35304 0 2.61727
43 0 -5.14971 0 0.108542
44 0 -5.30092 0 -2.42618
45 0 -3.96628 0 -4.05942
46 0 -1.97193 0 -4.26842
47 0 -0.462112 0 -3.26095
48 0 -0.399997 0 -1.91301
49 0 -2.13894 0 -1.33633
50 0 -5.25551 0 -2.30035
51 0 -8.71919 0 -4.81752
52 0 -11.3238 0 -8.11382
53 0 -12.189 0 -10.9973
54 0 -11.1111 0 -12.4236
55 0 -8.61043 0 -11.9579
56 0 -5.66152 0 -9.90136
57 112 -3.23451 112 -7.04267
58 0 -1.85916 0 -4.20206
59 0 -1.41085 0 -1.83564
60 86.4 -1.21332 86.4 0.0867885
61 0 -0.40691 0 1.89233
62 214.972 1.59191 214.972 3.85322
63 68.7069 4.75631 68.7069 5.91051
