Licznik DFT: 4096
Licznik FFT: 1024
0 1.28 8.37823 1.28 7.16074
1 67.8904 11.3626 67.8904 7.46176
2 214.073 12.8266 214.073 7.75594
3 0 12.2248 0 7.9923
4 86.7496 9.51657 86.7496 7.5495
5 0 6.23575 0 6.36295
6 0 3.22636 0 4.23378
7 112.011 1.50053 112.011 1.51794
8 0 1.6716 0 -0.626444
9 0 2.9779 0 -1.68895
10 0 4.69564 0 -1.22412
11 0 5.80425 0 0.553092
12 0 5.50302 0 2.64491
13 1.20679 3.49634 1.20679 3.65317
14 0 0.751653 0 3.09726
15 0 -1.88815 0 0.967425
16 0 -3.72919 0 -2.20777
17 0 -3.90146 0 -4.71923
18 0 -3.29988 0 -6.1945
19 0 -2.50123 0 -6.34781
20 0 -2.15343 0 -5.34788
21 1.00198 -3.13475 1.00198 -4.33107
22 1.06431 -5.21249 1.06431 -3.90313
23 0 -7.64723 0 -4.28014
24 0 -9.34492 0 -5.07846
25 0 -9.45125 0 -5.59426
26 0 -7.19568 0 -4.878
27 1.14405 -3.33005 1.14405 -2.94952
28 0 1.0126 0 -0.240369
29 0 5.00824 0 2.70985
30 0 7.19262 0 4.967
31 0 7.55194 0 6.40094
32 0 6.44654 0 7.66403
33 0 4.60095 0 8.50179
34 0 3.20725 0 8.27794
35 0 2.90925 0 7.14177
36 0 3.70533 0 5.6724
37 1.14405 4.71684 1.14405 4.58964
38 0 5.31786 0 4.31044
39 0 4.55852 0 4.54111
40 0 2.41095 0 4.709
41 0 -0.413255 0 4.25359
42 1.06431 -3.35195 1.06431 2.56781
43 1.00198 -5.1152 1.00198 0.135962
44 0 -5.30774 0 -2.44963
45 0 -3.95639 0 -4.11322
46 0 -1.89391 0 -4.23951
47 0 -0.414104 0 -3.26968
48 0 -0.332794 0 -1.85421
49 0 -2.1783 0 -1.36053
50 0 -5.24611 0 -2.35149
51 1.20679 -8.69299 1.20679 -4.84641
52 0 -11.2886 0 -8.0942
53 0 -12.1767 0 -10.9804
54 0 -11.1779 0 -12.4872
55 0 -8.5629 0 -11.93
56 0 -5.66042 0 -9.92688
57 112.011 -3.15718 112.011 -7.01417
58 0 -1.7959 0 -4.11358
59 0 -1.45885 0 -1.83939
60 86.7496 -1.1477 86.7496 0.10527
61 0 -0.349333 0 1.94906
62 214.073 1.63576 214.073 3.86138
63 67.8904 4.74139 67.8904 5.89239
